Base path: C:/Program Files (x86)/Unity/Editor/Data
Pipe name: \\.\pipe\UnityShaderCompiler-4-3912
Cmd: getPlatforms
Cmd: compileSnippet
  api=0 type=0 insize=5043 outsize=573 kw=DIRECTIONAL LIGHTMAP_ON DIRLIGHTMAP_OFF ok=1
Cmd: compileSnippet
  api=0 type=0 insize=5043 outsize=573 kw=DIRECTIONAL LIGHTMAP_ON DIRLIGHTMAP_ON ok=1
Cmd: compileSnippet
  api=8 type=0 insize=5043 outsize=2381 kw=DIRECTIONAL LIGHTMAP_ON DIRLIGHTMAP_ON ok=1
Cmd: compileSnippet
  api=8 type=0 insize=5043 outsize=6915 kw=DIRECTIONAL LIGHTMAP_OFF DIRLIGHTMAP_OFF VERTEXLIGHT_ON ok=1
Cmd: compileSnippet
  api=0 type=1 insize=5043 outsize=664 kw=DIRECTIONAL LIGHTMAP_ON DIRLIGHTMAP_OFF ok=1
Cmd: compileSnippet
  api=4 type=1 insize=5043 outsize=1843 kw=DIRECTIONAL LIGHTMAP_ON DIRLIGHTMAP_OFF ok=1
Cmd: compileSnippet
  api=1 type=1 insize=5043 outsize=496 kw=DIRECTIONAL LIGHTMAP_ON DIRLIGHTMAP_ON ok=1
Cmd: compileSnippet
  api=1 type=0 insize=2973 outsize=448 kw=POINT ok=1
Cmd: compileSnippet
  api=1 type=0 insize=2973 outsize=318 kw=DIRECTIONAL ok=1
Cmd: compileSnippet
  api=4 type=0 insize=2973 outsize=3127 kw=SPOT ok=1
Cmd: compileSnippet
  api=1 type=0 insize=2973 outsize=448 kw=POINT_COOKIE ok=1
Cmd: compileSnippet
  api=4 type=0 insize=2973 outsize=2793 kw=DIRECTIONAL_COOKIE ok=1
Cmd: compileSnippet
  api=1 type=1 insize=2973 outsize=667 kw=POINT ok=1
Cmd: compileSnippet
  api=8 type=1 insize=2973 outsize=2885 kw=DIRECTIONAL ok=1
Cmd: compileSnippet
  api=1 type=1 insize=2973 outsize=715 kw=POINT_COOKIE ok=1
Cmd: compileSnippet
  api=0 type=1 insize=2973 outsize=771 kw=DIRECTIONAL_COOKIE ok=1
Cmd: compileSnippet
  api=1 type=1 insize=2973 outsize=607 kw=DIRECTIONAL_COOKIE ok=1
Cmd: compileSnippet
  api=8 type=1 insize=2973 outsize=3218 kw=DIRECTIONAL_COOKIE ok=1
Unhandled exception: Readfile from pipe failed. GLE=Канал был закрыт.


Quitting shader compiler process
