Base path: C:/Program Files (x86)/Unity/Editor/Data
Pipe name: \\.\pipe\UnityShaderCompiler-2-6932
Cmd: getPlatforms
Cmd: compileSnippet
  api=1 type=0 insize=5043 outsize=660 kw=DIRECTIONAL LIGHTMAP_OFF DIRLIGHTMAP_OFF ok=1
Cmd: compileSnippet
  api=8 type=0 insize=5043 outsize=2381 kw=DIRECTIONAL LIGHTMAP_ON DIRLIGHTMAP_OFF ok=1
Cmd: compileSnippet
  api=0 type=0 insize=5043 outsize=1703 kw=DIRECTIONAL LIGHTMAP_OFF DIRLIGHTMAP_OFF VERTEXLIGHT_ON ok=1
Cmd: compileSnippet
  api=1 type=1 insize=5043 outsize=540 kw=DIRECTIONAL LIGHTMAP_OFF DIRLIGHTMAP_OFF ok=1
Cmd: compileSnippet
  api=8 type=1 insize=5043 outsize=2747 kw=DIRECTIONAL LIGHTMAP_ON DIRLIGHTMAP_OFF ok=1
Cmd: compileSnippet
  api=8 type=0 insize=2973 outsize=4461 kw=POINT ok=1
Cmd: compileSnippet
  api=1 type=0 insize=2973 outsize=467 kw=SPOT ok=1
Cmd: compileSnippet
  api=0 type=0 insize=2973 outsize=954 kw=POINT_COOKIE ok=1
Cmd: compileSnippet
  api=4 type=0 insize=2973 outsize=3127 kw=POINT_COOKIE ok=1
Cmd: compileSnippet
  api=1 type=0 insize=2973 outsize=424 kw=DIRECTIONAL_COOKIE ok=1
Cmd: compileSnippet
  api=0 type=1 insize=2973 outsize=707 kw=DIRECTIONAL ok=1
Cmd: compileSnippet
  api=1 type=1 insize=2973 outsize=532 kw=DIRECTIONAL ok=1
Cmd: compileSnippet
  api=0 type=1 insize=2973 outsize=1102 kw=SPOT ok=1
Cmd: compileSnippet
  api=8 type=1 insize=2973 outsize=4177 kw=SPOT ok=1
Unhandled exception: Readfile from pipe failed. GLE=Канал был закрыт.


Quitting shader compiler process
